<?xml version="1.0" encoding="UTF-8"?>
<!-- Generated by org.testng.reporters.JUnitReportReporter -->
<testsuite skipped="0" hostname="DESKTOP-V3QG482" name="testCases.TC_1_GetAllUsers" tests="2" failures="0" timestamp="16 Apr 2020 16:26:49 GMT" time="1.767" errors="0">
  <testcase name="test_getNewlyCreatedUser" time="1.689" classname="testCases.TC_1_GetAllUsers"/>
  <testcase name="test_getAllUsers_Page1" time="0.078" classname="testCases.TC_1_GetAllUsers"/>
</testsuite> <!-- testCases.TC_1_GetAllUsers -->
