<?xml version="1.0" encoding="UTF-8"?>
<!-- Generated by org.testng.reporters.JUnitReportReporter -->
<testsuite skipped="0" hostname="DESKTOP-V3QG482" name="testCases.TC_1_GetAllUsers" tests="3" failures="0" timestamp="16 Apr 2020 16:35:37 GMT" time="3.343" errors="0">
  <testcase name="test_CreateUser" time="3.150" classname="testCases.TC_1_GetAllUsers"/>
  <testcase name="test_getNewlyCreatedUser" time="0.112" classname="testCases.TC_1_GetAllUsers"/>
  <testcase name="test_getAllUsers_Page1" time="0.081" classname="testCases.TC_1_GetAllUsers"/>
</testsuite> <!-- testCases.TC_1_GetAllUsers -->
